{"level":"error","message":"Erro na conexão ao banco de  dados! connect ECONNREFUSED 127.0.0.1:3306","name":"SequelizeConnectionRefusedError","original":{"address":"127.0.0.1","code":"ECONNREFUSED","errno":-4078,"fatal":true,"port":3306,"syscall":"connect"},"parent":{"address":"127.0.0.1","code":"ECONNREFUSED","errno":-4078,"fatal":true,"port":3306,"syscall":"connect"},"stack":"SequelizeConnectionRefusedError: connect ECONNREFUSED 127.0.0.1:3306\n    at ConnectionManager.connect (C:\\Users\\55219\\Desktop\\clone\\clinica-laVie\\node_modules\\sequelize\\lib\\dialects\\mysql\\connection-manager.js:92:17)\n    at processTicksAndRejections (node:internal/process/task_queues:96:5)\n    at async ConnectionManager._connect (C:\\Users\\55219\\Desktop\\clone\\clinica-laVie\\node_modules\\sequelize\\lib\\dialects\\abstract\\connection-manager.js:220:24)\n    at async C:\\Users\\55219\\Desktop\\clone\\clinica-laVie\\node_modules\\sequelize\\lib\\dialects\\abstract\\connection-manager.js:174:32\n    at async ConnectionManager.getConnection (C:\\Users\\55219\\Desktop\\clone\\clinica-laVie\\node_modules\\sequelize\\lib\\dialects\\abstract\\connection-manager.js:197:7)\n    at async C:\\Users\\55219\\Desktop\\clone\\clinica-laVie\\node_modules\\sequelize\\lib\\sequelize.js:304:26\n    at async Sequelize.authenticate (C:\\Users\\55219\\Desktop\\clone\\clinica-laVie\\node_modules\\sequelize\\lib\\sequelize.js:456:5)\n    at async Sequelize.hasConection (C:\\Users\\55219\\Desktop\\clone\\clinica-laVie\\src\\database\\index.js:23:5)","timestamp":"2022-11-17T00:03:56.543Z"}
{"level":"info","message":"Banco de dados conectado com sucesso!","timestamp":"2022-11-17T00:04:32.598Z"}
undefined
{"level":"info","message":"Banco de dados conectado com sucesso!","timestamp":"2022-11-17T00:48:59.165Z"}
{"level":"info","message":"Banco de dados conectado com sucesso!","timestamp":"2022-11-17T00:50:25.781Z"}
{"level":"info","message":"Banco de dados conectado com sucesso!","timestamp":"2022-11-17T01:20:49.836Z"}
{"level":"info","message":"Banco de dados conectado com sucesso!","timestamp":"2022-11-17T01:41:48.072Z"}
{"level":"info","message":"Banco de dados conectado com sucesso!","timestamp":"2022-11-17T23:47:24.155Z"}
{"level":"info","message":"Banco de dados conectado com sucesso!","timestamp":"2022-11-17T23:48:45.557Z"}
{"level":"info","message":"Banco de dados conectado com sucesso!","timestamp":"2022-11-17T23:49:05.702Z"}
{"level":"info","message":"Banco de dados conectado com sucesso!","timestamp":"2022-11-17T23:52:14.854Z"}
{"level":"info","message":"Banco de dados conectado com sucesso!","timestamp":"2022-11-17T23:53:36.394Z"}
{"level":"info","message":"Banco de dados conectado com sucesso!","timestamp":"2022-11-17T23:53:53.898Z"}
{"level":"info","message":"Banco de dados conectado com sucesso!","timestamp":"2022-11-18T17:58:47.276Z"}
{"level":"info","message":"Banco de dados conectado com sucesso!","timestamp":"2022-11-18T18:03:11.956Z"}
{"level":"info","message":"Banco de dados conectado com sucesso!","timestamp":"2022-11-18T18:08:54.130Z"}
{"level":"info","message":"Banco de dados conectado com sucesso!","timestamp":"2022-11-18T18:09:00.347Z"}
{"level":"info","message":"Banco de dados conectado com sucesso!","timestamp":"2022-11-18T18:10:04.485Z"}
{"level":"info","message":"Banco de dados conectado com sucesso!","timestamp":"2022-11-18T18:11:03.755Z"}
{"level":"info","message":"Banco de dados conectado com sucesso!","timestamp":"2022-11-18T18:14:20.154Z"}
{"level":"info","message":"Banco de dados conectado com sucesso!","timestamp":"2022-11-18T18:14:30.065Z"}
{"level":"info","message":"Banco de dados conectado com sucesso!","timestamp":"2022-11-18T18:14:51.334Z"}
{"level":"info","message":"Banco de dados conectado com sucesso!","timestamp":"2022-11-18T18:15:00.679Z"}
{"level":"info","message":"Banco de dados conectado com sucesso!","timestamp":"2022-11-18T18:15:04.255Z"}
{"level":"info","message":"Banco de dados conectado com sucesso!","timestamp":"2022-11-18T18:16:41.492Z"}
{"level":"info","message":"Banco de dados conectado com sucesso!","timestamp":"2022-11-18T18:17:22.602Z"}
{"level":"info","message":"Banco de dados conectado com sucesso!","timestamp":"2022-11-18T18:21:50.613Z"}
{"level":"info","message":"Banco de dados conectado com sucesso!","timestamp":"2022-11-18T18:22:04.862Z"}
{"level":"info","message":"Banco de dados conectado com sucesso!","timestamp":"2022-11-18T18:23:16.128Z"}
{"level":"info","message":"Banco de dados conectado com sucesso!","timestamp":"2022-11-18T18:23:43.932Z"}
{"level":"info","message":"Banco de dados conectado com sucesso!","timestamp":"2022-11-18T18:24:02.772Z"}
{"level":"info","message":"Banco de dados conectado com sucesso!","timestamp":"2022-11-18T18:24:16.984Z"}
{"level":"info","message":"Banco de dados conectado com sucesso!","timestamp":"2022-11-18T18:25:32.717Z"}
{"level":"info","message":"Banco de dados conectado com sucesso!","timestamp":"2022-11-18T18:26:00.710Z"}
{"level":"info","message":"Banco de dados conectado com sucesso!","timestamp":"2022-11-18T18:26:14.676Z"}
{"level":"info","message":"Banco de dados conectado com sucesso!","timestamp":"2022-11-18T18:26:25.269Z"}
{"level":"info","message":"Banco de dados conectado com sucesso!","timestamp":"2022-11-18T18:26:32.947Z"}
{"level":"info","message":"Banco de dados conectado com sucesso!","timestamp":"2022-11-18T18:26:39.329Z"}
{"level":"info","message":"Banco de dados conectado com sucesso!","timestamp":"2022-11-18T18:26:45.261Z"}
{"level":"info","message":"Banco de dados conectado com sucesso!","timestamp":"2022-11-18T18:26:56.275Z"}
{"level":"info","message":"Banco de dados conectado com sucesso!","timestamp":"2022-11-18T18:27:33.369Z"}
{"level":"info","message":"Banco de dados conectado com sucesso!","timestamp":"2022-11-18T18:29:28.804Z"}
{"level":"info","message":"Banco de dados conectado com sucesso!","timestamp":"2022-11-18T18:29:33.363Z"}
{"level":"info","message":"Banco de dados conectado com sucesso!","timestamp":"2022-11-18T18:29:45.894Z"}
{"level":"info","message":"Banco de dados conectado com sucesso!","timestamp":"2022-11-18T21:37:42.226Z"}
{"level":"info","message":"Banco de dados conectado com sucesso!","timestamp":"2022-11-18T21:40:22.968Z"}
{"level":"info","message":"Banco de dados conectado com sucesso!","timestamp":"2022-11-18T21:40:27.483Z"}
{"level":"info","message":"Banco de dados conectado com sucesso!","timestamp":"2022-11-18T21:40:32.597Z"}
{"level":"info","message":"Banco de dados conectado com sucesso!","timestamp":"2022-11-18T21:40:34.864Z"}
{"level":"info","message":"Banco de dados conectado com sucesso!","timestamp":"2022-11-18T21:40:40.076Z"}
{"level":"info","message":"Banco de dados conectado com sucesso!","timestamp":"2022-11-18T21:40:56.706Z"}
{"level":"info","message":"Banco de dados conectado com sucesso!","timestamp":"2022-11-18T21:41:00.289Z"}
{"level":"info","message":"Banco de dados conectado com sucesso!","timestamp":"2022-11-18T21:41:58.379Z"}
{"level":"info","message":"Banco de dados conectado com sucesso!","timestamp":"2022-11-18T21:42:05.545Z"}
{"level":"info","message":"Banco de dados conectado com sucesso!","timestamp":"2022-11-18T21:42:27.411Z"}
{"level":"info","message":"Banco de dados conectado com sucesso!","timestamp":"2022-11-18T21:42:50.543Z"}
{"level":"info","message":"Banco de dados conectado com sucesso!","timestamp":"2022-11-18T21:43:08.933Z"}
{"level":"info","message":"Banco de dados conectado com sucesso!","timestamp":"2022-11-18T21:43:26.812Z"}
{"level":"info","message":"Banco de dados conectado com sucesso!","timestamp":"2022-11-18T21:43:28.125Z"}
{"level":"info","message":"Banco de dados conectado com sucesso!","timestamp":"2022-11-18T21:43:29.719Z"}
{"level":"info","message":"Banco de dados conectado com sucesso!","timestamp":"2022-11-18T21:43:31.402Z"}
{"level":"info","message":"Banco de dados conectado com sucesso!","timestamp":"2022-11-18T21:43:37.673Z"}
{"level":"info","message":"Banco de dados conectado com sucesso!","timestamp":"2022-11-18T21:43:51.203Z"}
{"level":"info","message":"Banco de dados conectado com sucesso!","timestamp":"2022-11-18T21:44:07.888Z"}
{"level":"info","message":"Banco de dados conectado com sucesso!","timestamp":"2022-11-18T21:54:33.428Z"}
{"level":"info","message":"Banco de dados conectado com sucesso!","timestamp":"2022-11-18T21:56:19.780Z"}
{"level":"info","message":"Banco de dados conectado com sucesso!","timestamp":"2022-11-18T21:56:53.084Z"}
{"level":"info","message":"Banco de dados conectado com sucesso!","timestamp":"2022-11-18T21:57:54.819Z"}
{"level":"info","message":"Banco de dados conectado com sucesso!","timestamp":"2022-11-18T21:58:49.608Z"}
{"level":"info","message":"Banco de dados conectado com sucesso!","timestamp":"2022-11-18T21:59:56.390Z"}
{"level":"info","message":"Banco de dados conectado com sucesso!","timestamp":"2022-11-18T22:00:32.268Z"}
{"level":"error","message":"Erro na conexão ao banco de  dados! Access denied for user ''@'localhost' (using password: NO)","name":"SequelizeAccessDeniedError","original":{"code":"ER_ACCESS_DENIED_ERROR","errno":1045,"sqlMessage":"Access denied for user ''@'localhost' (using password: NO)","sqlState":"28000"},"parent":{"code":"ER_ACCESS_DENIED_ERROR","errno":1045,"sqlMessage":"Access denied for user ''@'localhost' (using password: NO)","sqlState":"28000"},"stack":"SequelizeAccessDeniedError: Access denied for user ''@'localhost' (using password: NO)\n    at ConnectionManager.connect (C:\\Users\\55219\\Desktop\\clone\\clinica-laVie\\node_modules\\sequelize\\lib\\dialects\\mysql\\connection-manager.js:94:17)\n    at processTicksAndRejections (node:internal/process/task_queues:96:5)\n    at async ConnectionManager._connect (C:\\Users\\55219\\Desktop\\clone\\clinica-laVie\\node_modules\\sequelize\\lib\\dialects\\abstract\\connection-manager.js:220:24)\n    at async C:\\Users\\55219\\Desktop\\clone\\clinica-laVie\\node_modules\\sequelize\\lib\\dialects\\abstract\\connection-manager.js:174:32\n    at async ConnectionManager.getConnection (C:\\Users\\55219\\Desktop\\clone\\clinica-laVie\\node_modules\\sequelize\\lib\\dialects\\abstract\\connection-manager.js:197:7)\n    at async C:\\Users\\55219\\Desktop\\clone\\clinica-laVie\\node_modules\\sequelize\\lib\\sequelize.js:304:26\n    at async Sequelize.authenticate (C:\\Users\\55219\\Desktop\\clone\\clinica-laVie\\node_modules\\sequelize\\lib\\sequelize.js:456:5)\n    at async Sequelize.hasConection (C:\\Users\\55219\\Desktop\\clone\\clinica-laVie\\src\\database\\index.js:21:5)","timestamp":"2022-11-18T22:02:19.403Z"}
{"level":"info","message":"Banco de dados conectado com sucesso!","timestamp":"2022-11-18T22:02:57.255Z"}
{"level":"info","message":"Banco de dados conectado com sucesso!","timestamp":"2022-11-18T22:03:11.658Z"}
{"level":"info","message":"Banco de dados conectado com sucesso!","timestamp":"2022-11-18T22:03:38.836Z"}
{"level":"info","message":"Banco de dados conectado com sucesso!","timestamp":"2022-11-18T22:04:12.026Z"}
{"level":"info","message":"Banco de dados conectado com sucesso!","timestamp":"2022-11-18T22:04:28.407Z"}
{"level":"info","message":"Banco de dados conectado com sucesso!","timestamp":"2022-11-18T22:17:01.894Z"}
{"level":"info","message":"Banco de dados conectado com sucesso!","timestamp":"2022-11-18T22:27:53.959Z"}
{"level":"info","message":"Banco de dados conectado com sucesso!","timestamp":"2022-11-18T22:27:56.374Z"}
{"level":"info","message":"Banco de dados conectado com sucesso!","timestamp":"2022-11-18T22:28:38.157Z"}
{"level":"info","message":"Banco de dados conectado com sucesso!","timestamp":"2022-11-18T22:28:40.960Z"}
{"level":"info","message":"Banco de dados conectado com sucesso!","timestamp":"2022-11-18T22:29:27.540Z"}
{"level":"info","message":"Banco de dados conectado com sucesso!","timestamp":"2022-11-18T22:29:34.143Z"}
{"level":"info","message":"Banco de dados conectado com sucesso!","timestamp":"2022-11-18T22:34:00.275Z"}
{"level":"info","message":"Banco de dados conectado com sucesso!","timestamp":"2022-11-18T22:34:03.904Z"}
{"level":"info","message":"Banco de dados conectado com sucesso!","timestamp":"2022-11-18T22:34:10.345Z"}
{"level":"info","message":"Banco de dados conectado com sucesso!","timestamp":"2022-11-18T22:34:16.831Z"}
{"level":"info","message":"Banco de dados conectado com sucesso!","timestamp":"2022-11-18T22:34:22.522Z"}
{"level":"info","message":"Banco de dados conectado com sucesso!","timestamp":"2022-11-18T22:34:25.581Z"}
{"level":"info","message":"Banco de dados conectado com sucesso!","timestamp":"2022-11-18T22:34:54.532Z"}
{"level":"info","message":"Banco de dados conectado com sucesso!","timestamp":"2022-11-18T22:36:39.104Z"}
{"level":"info","message":"Banco de dados conectado com sucesso!","timestamp":"2022-11-18T22:36:41.759Z"}
{"level":"info","message":"Banco de dados conectado com sucesso!","timestamp":"2022-11-18T22:36:51.162Z"}
{"level":"info","message":"Banco de dados conectado com sucesso!","timestamp":"2022-11-18T22:39:22.069Z"}
{"level":"info","message":"Banco de dados conectado com sucesso!","timestamp":"2022-11-18T22:40:52.110Z"}
{"level":"info","message":"Banco de dados conectado com sucesso!","timestamp":"2022-11-18T22:42:36.063Z"}
{"level":"info","message":"Banco de dados conectado com sucesso!","timestamp":"2022-11-18T22:42:51.987Z"}
{"level":"info","message":"Banco de dados conectado com sucesso!","timestamp":"2022-11-18T22:43:05.500Z"}
{"level":"info","message":"Banco de dados conectado com sucesso!","timestamp":"2022-11-18T22:44:12.305Z"}
{"level":"info","message":"Banco de dados conectado com sucesso!","timestamp":"2022-11-18T22:44:38.790Z"}
{"level":"info","message":"Banco de dados conectado com sucesso!","timestamp":"2022-11-18T22:45:17.870Z"}
{"level":"info","message":"Banco de dados conectado com sucesso!","timestamp":"2022-11-18T22:45:23.843Z"}
{"level":"info","message":"Banco de dados conectado com sucesso!","timestamp":"2022-11-18T22:45:59.576Z"}
{"level":"info","message":"Banco de dados conectado com sucesso!","timestamp":"2022-11-18T22:46:03.930Z"}
{"level":"info","message":"Banco de dados conectado com sucesso!","timestamp":"2022-11-18T22:47:25.330Z"}
{"level":"info","message":"Banco de dados conectado com sucesso!","timestamp":"2022-11-18T22:48:05.692Z"}
{"level":"info","message":"Banco de dados conectado com sucesso!","timestamp":"2022-11-18T22:48:11.304Z"}
{"level":"info","message":"Banco de dados conectado com sucesso!","timestamp":"2022-11-18T23:12:09.119Z"}
{"level":"info","message":"Banco de dados conectado com sucesso!","timestamp":"2022-11-18T23:13:25.476Z"}
{"level":"info","message":"Banco de dados conectado com sucesso!","timestamp":"2022-11-18T23:13:27.103Z"}
{"level":"info","message":"Banco de dados conectado com sucesso!","timestamp":"2022-11-18T23:13:30.917Z"}
{"level":"info","message":"Banco de dados conectado com sucesso!","timestamp":"2022-11-18T23:13:32.996Z"}
{"level":"info","message":"Banco de dados conectado com sucesso!","timestamp":"2022-11-18T23:14:06.907Z"}
{"level":"info","message":"Banco de dados conectado com sucesso!","timestamp":"2022-11-18T23:14:11.564Z"}
{"level":"info","message":"Banco de dados conectado com sucesso!","timestamp":"2022-11-18T23:14:16.547Z"}
{"level":"info","message":"Banco de dados conectado com sucesso!","timestamp":"2022-11-18T23:14:33.097Z"}
{"level":"info","message":"Banco de dados conectado com sucesso!","timestamp":"2022-11-18T23:14:36.102Z"}
{"level":"info","message":"Banco de dados conectado com sucesso!","timestamp":"2022-11-18T23:14:40.620Z"}
{"level":"info","message":"Banco de dados conectado com sucesso!","timestamp":"2022-11-18T23:15:33.431Z"}
{"level":"info","message":"Banco de dados conectado com sucesso!","timestamp":"2022-11-18T23:16:03.799Z"}
{"level":"info","message":"Banco de dados conectado com sucesso!","timestamp":"2022-11-18T23:17:06.231Z"}
{"level":"info","message":"Banco de dados conectado com sucesso!","timestamp":"2022-11-18T23:17:10.335Z"}
{"level":"info","message":"Banco de dados conectado com sucesso!","timestamp":"2022-11-18T23:17:21.370Z"}
{"level":"info","message":"Banco de dados conectado com sucesso!","timestamp":"2022-11-18T23:17:35.299Z"}
{"level":"info","message":"Banco de dados conectado com sucesso!","timestamp":"2022-11-18T23:17:37.260Z"}
{"level":"info","message":"Banco de dados conectado com sucesso!","timestamp":"2022-11-18T23:17:39.643Z"}
{"level":"info","message":"Banco de dados conectado com sucesso!","timestamp":"2022-11-18T23:17:44.984Z"}
{"level":"info","message":"Banco de dados conectado com sucesso!","timestamp":"2022-11-18T23:17:48.103Z"}
{"level":"info","message":"Banco de dados conectado com sucesso!","timestamp":"2022-11-18T23:17:52.185Z"}
{"level":"info","message":"Banco de dados conectado com sucesso!","timestamp":"2022-11-18T23:18:16.054Z"}
{"level":"info","message":"Banco de dados conectado com sucesso!","timestamp":"2022-11-18T23:18:18.061Z"}
{"level":"info","message":"Banco de dados conectado com sucesso!","timestamp":"2022-11-18T23:19:32.154Z"}
{"level":"info","message":"Banco de dados conectado com sucesso!","timestamp":"2022-11-18T23:21:10.113Z"}
{"level":"info","message":"Banco de dados conectado com sucesso!","timestamp":"2022-11-18T23:21:23.917Z"}
{"level":"info","message":"Banco de dados conectado com sucesso!","timestamp":"2022-11-18T23:21:28.792Z"}
{"level":"info","message":"Banco de dados conectado com sucesso!","timestamp":"2022-11-18T23:21:34.191Z"}
{"level":"info","message":"Banco de dados conectado com sucesso!","timestamp":"2022-11-18T23:21:35.744Z"}
{"level":"info","message":"Banco de dados conectado com sucesso!","timestamp":"2022-11-18T23:21:37.493Z"}
{"level":"info","message":"Banco de dados conectado com sucesso!","timestamp":"2022-11-18T23:22:51.506Z"}
{"level":"info","message":"Banco de dados conectado com sucesso!","timestamp":"2022-11-18T23:23:00.201Z"}
{"level":"info","message":"Banco de dados conectado com sucesso!","timestamp":"2022-11-18T23:23:53.618Z"}
{"level":"info","message":"Banco de dados conectado com sucesso!","timestamp":"2022-11-18T23:23:56.712Z"}
{"level":"info","message":"Banco de dados conectado com sucesso!","timestamp":"2022-11-18T23:24:33.481Z"}
{"level":"info","message":"Banco de dados conectado com sucesso!","timestamp":"2022-11-18T23:24:36.809Z"}
{"level":"info","message":"Banco de dados conectado com sucesso!","timestamp":"2022-11-18T23:24:42.239Z"}
{"level":"info","message":"Banco de dados conectado com sucesso!","timestamp":"2022-11-18T23:24:45.156Z"}
{"level":"info","message":"Banco de dados conectado com sucesso!","timestamp":"2022-11-18T23:24:47.049Z"}
{"level":"info","message":"Banco de dados conectado com sucesso!","timestamp":"2022-11-18T23:25:12.084Z"}
{"level":"info","message":"Banco de dados conectado com sucesso!","timestamp":"2022-11-18T23:25:45.368Z"}
{"level":"info","message":"Banco de dados conectado com sucesso!","timestamp":"2022-11-18T23:26:04.629Z"}
{"level":"info","message":"Banco de dados conectado com sucesso!","timestamp":"2022-11-18T23:26:33.719Z"}
{"level":"info","message":"Banco de dados conectado com sucesso!","timestamp":"2022-11-18T23:26:46.297Z"}
{"level":"info","message":"Banco de dados conectado com sucesso!","timestamp":"2022-11-18T23:26:48.488Z"}
{"level":"info","message":"Banco de dados conectado com sucesso!","timestamp":"2022-11-18T23:26:54.376Z"}
{"level":"info","message":"Banco de dados conectado com sucesso!","timestamp":"2022-11-18T23:26:59.180Z"}
{"level":"info","message":"Banco de dados conectado com sucesso!","timestamp":"2022-11-18T23:27:12.441Z"}
{"level":"info","message":"Banco de dados conectado com sucesso!","timestamp":"2022-11-18T23:27:15.985Z"}
{"level":"info","message":"Banco de dados conectado com sucesso!","timestamp":"2022-11-18T23:27:53.767Z"}
{"level":"info","message":"Banco de dados conectado com sucesso!","timestamp":"2022-11-18T23:27:56.303Z"}
{"level":"info","message":"Banco de dados conectado com sucesso!","timestamp":"2022-11-18T23:28:03.162Z"}
{"level":"info","message":"Banco de dados conectado com sucesso!","timestamp":"2022-11-18T23:28:05.840Z"}
{"level":"info","message":"Banco de dados conectado com sucesso!","timestamp":"2022-11-18T23:28:09.664Z"}
{"level":"info","message":"Banco de dados conectado com sucesso!","timestamp":"2022-11-18T23:28:27.699Z"}
{"level":"info","message":"Banco de dados conectado com sucesso!","timestamp":"2022-11-18T23:28:33.628Z"}
{"level":"info","message":"Banco de dados conectado com sucesso!","timestamp":"2022-11-18T23:28:49.134Z"}
{"level":"info","message":"Banco de dados conectado com sucesso!","timestamp":"2022-11-18T23:28:50.675Z"}
{"level":"info","message":"Banco de dados conectado com sucesso!","timestamp":"2022-11-18T23:29:42.978Z"}
{"level":"info","message":"Banco de dados conectado com sucesso!","timestamp":"2022-11-18T23:29:45.606Z"}
{"level":"info","message":"Banco de dados conectado com sucesso!","timestamp":"2022-11-18T23:30:02.492Z"}
{"level":"info","message":"Banco de dados conectado com sucesso!","timestamp":"2022-11-18T23:30:04.540Z"}
{"level":"info","message":"Banco de dados conectado com sucesso!","timestamp":"2022-11-18T23:30:27.398Z"}
{"level":"info","message":"Banco de dados conectado com sucesso!","timestamp":"2022-11-18T23:30:32.537Z"}
{"level":"info","message":"Banco de dados conectado com sucesso!","timestamp":"2022-11-18T23:30:35.797Z"}
{"level":"info","message":"Banco de dados conectado com sucesso!","timestamp":"2022-11-18T23:31:08.847Z"}
{"level":"info","message":"Banco de dados conectado com sucesso!","timestamp":"2022-11-18T23:31:11.413Z"}
{"level":"info","message":"Banco de dados conectado com sucesso!","timestamp":"2022-11-18T23:31:30.458Z"}
{"level":"info","message":"Banco de dados conectado com sucesso!","timestamp":"2022-11-18T23:31:32.657Z"}
{"level":"info","message":"Banco de dados conectado com sucesso!","timestamp":"2022-11-18T23:31:37.389Z"}
{"level":"info","message":"Banco de dados conectado com sucesso!","timestamp":"2022-11-18T23:31:38.636Z"}
{"level":"info","message":"Banco de dados conectado com sucesso!","timestamp":"2022-11-18T23:31:41.842Z"}
{"level":"info","message":"Banco de dados conectado com sucesso!","timestamp":"2022-11-18T23:31:44.127Z"}
{"level":"info","message":"Banco de dados conectado com sucesso!","timestamp":"2022-11-18T23:31:52.687Z"}
{"level":"info","message":"Banco de dados conectado com sucesso!","timestamp":"2022-11-18T23:31:55.792Z"}
{"level":"info","message":"Banco de dados conectado com sucesso!","timestamp":"2022-11-18T23:31:57.489Z"}
{"level":"info","message":"Banco de dados conectado com sucesso!","timestamp":"2022-11-18T23:32:03.005Z"}
{"level":"info","message":"Banco de dados conectado com sucesso!","timestamp":"2022-11-18T23:32:10.747Z"}
{"level":"info","message":"Banco de dados conectado com sucesso!","timestamp":"2022-11-18T23:32:13.079Z"}
{"level":"info","message":"Banco de dados conectado com sucesso!","timestamp":"2022-11-18T23:32:54.609Z"}
{"level":"info","message":"Banco de dados conectado com sucesso!","timestamp":"2022-11-18T23:34:06.998Z"}
{"level":"info","message":"Banco de dados conectado com sucesso!","timestamp":"2022-11-18T23:36:06.283Z"}
{"level":"info","message":"Banco de dados conectado com sucesso!","timestamp":"2022-11-18T23:36:12.159Z"}
{"level":"info","message":"Banco de dados conectado com sucesso!","timestamp":"2022-11-18T23:36:35.022Z"}
{"level":"info","message":"Banco de dados conectado com sucesso!","timestamp":"2022-11-18T23:36:44.685Z"}
{"level":"info","message":"Banco de dados conectado com sucesso!","timestamp":"2022-11-18T23:37:10.785Z"}
{"level":"info","message":"Banco de dados conectado com sucesso!","timestamp":"2022-11-18T23:37:14.092Z"}
{"level":"info","message":"Banco de dados conectado com sucesso!","timestamp":"2022-11-18T23:37:35.727Z"}
{"level":"info","message":"Banco de dados conectado com sucesso!","timestamp":"2022-11-18T23:38:24.261Z"}
{"level":"info","message":"Banco de dados conectado com sucesso!","timestamp":"2022-11-18T23:38:33.683Z"}
{"level":"info","message":"Banco de dados conectado com sucesso!","timestamp":"2022-11-18T23:39:00.012Z"}
{"level":"info","message":"Banco de dados conectado com sucesso!","timestamp":"2022-11-18T23:39:02.819Z"}
{"level":"info","message":"Banco de dados conectado com sucesso!","timestamp":"2022-11-18T23:42:46.139Z"}
{"level":"info","message":"Banco de dados conectado com sucesso!","timestamp":"2022-11-18T23:42:53.452Z"}
{"level":"info","message":"Banco de dados conectado com sucesso!","timestamp":"2022-11-18T23:42:57.603Z"}
{"level":"info","message":"Banco de dados conectado com sucesso!","timestamp":"2022-11-18T23:42:59.337Z"}
{"level":"info","message":"Banco de dados conectado com sucesso!","timestamp":"2022-11-18T23:43:08.249Z"}
{"level":"info","message":"Banco de dados conectado com sucesso!","timestamp":"2022-11-18T23:43:11.380Z"}
{"level":"info","message":"Banco de dados conectado com sucesso!","timestamp":"2022-11-18T23:43:13.294Z"}
{"level":"info","message":"Banco de dados conectado com sucesso!","timestamp":"2022-11-18T23:43:16.907Z"}
{"level":"info","message":"Banco de dados conectado com sucesso!","timestamp":"2022-11-18T23:44:31.903Z"}
{"level":"info","message":"Banco de dados conectado com sucesso!","timestamp":"2022-11-18T23:44:33.174Z"}
{"level":"info","message":"Banco de dados conectado com sucesso!","timestamp":"2022-11-18T23:44:42.708Z"}
{"level":"info","message":"Banco de dados conectado com sucesso!","timestamp":"2022-11-18T23:44:45.879Z"}
{"level":"info","message":"Banco de dados conectado com sucesso!","timestamp":"2022-11-18T23:44:47.457Z"}
{"level":"info","message":"Banco de dados conectado com sucesso!","timestamp":"2022-11-18T23:44:50.093Z"}
{"level":"info","message":"Banco de dados conectado com sucesso!","timestamp":"2022-11-18T23:44:59.419Z"}
{"level":"info","message":"Banco de dados conectado com sucesso!","timestamp":"2022-11-18T23:45:03.852Z"}
{"level":"info","message":"Banco de dados conectado com sucesso!","timestamp":"2022-11-18T23:45:06.446Z"}
{"level":"info","message":"Banco de dados conectado com sucesso!","timestamp":"2022-11-18T23:45:08.396Z"}
{"level":"info","message":"Banco de dados conectado com sucesso!","timestamp":"2022-11-18T23:45:10.604Z"}
{"level":"info","message":"Banco de dados conectado com sucesso!","timestamp":"2022-11-18T23:48:07.949Z"}
{"level":"info","message":"Banco de dados conectado com sucesso!","timestamp":"2022-11-18T23:48:09.619Z"}
{"level":"info","message":"Banco de dados conectado com sucesso!","timestamp":"2022-11-18T23:48:12.890Z"}
{"level":"info","message":"Banco de dados conectado com sucesso!","timestamp":"2022-11-18T23:48:16.715Z"}
{"level":"info","message":"Banco de dados conectado com sucesso!","timestamp":"2022-11-18T23:48:37.871Z"}
{"level":"info","message":"Banco de dados conectado com sucesso!","timestamp":"2022-11-18T23:49:28.075Z"}
{"level":"info","message":"Banco de dados conectado com sucesso!","timestamp":"2022-11-18T23:49:30.081Z"}
{"level":"info","message":"Banco de dados conectado com sucesso!","timestamp":"2022-11-18T23:49:32.473Z"}
{"level":"info","message":"Banco de dados conectado com sucesso!","timestamp":"2022-11-18T23:49:35.051Z"}
{"level":"info","message":"Banco de dados conectado com sucesso!","timestamp":"2022-11-18T23:49:40.060Z"}
{"level":"info","message":"Banco de dados conectado com sucesso!","timestamp":"2022-11-18T23:50:15.149Z"}
{"level":"info","message":"Banco de dados conectado com sucesso!","timestamp":"2022-11-18T23:50:17.273Z"}
{"level":"info","message":"Banco de dados conectado com sucesso!","timestamp":"2022-11-18T23:50:23.545Z"}
{"level":"info","message":"Banco de dados conectado com sucesso!","timestamp":"2022-11-18T23:54:17.867Z"}
{"level":"info","message":"Banco de dados conectado com sucesso!","timestamp":"2022-11-18T23:54:39.232Z"}
{"level":"info","message":"Banco de dados conectado com sucesso!","timestamp":"2022-11-18T23:55:00.636Z"}
{"level":"info","message":"Banco de dados conectado com sucesso!","timestamp":"2022-11-18T23:55:10.132Z"}
{"level":"info","message":"Banco de dados conectado com sucesso!","timestamp":"2022-11-18T23:55:21.700Z"}
{"level":"info","message":"Banco de dados conectado com sucesso!","timestamp":"2022-11-18T23:56:40.547Z"}
{"level":"info","message":"Banco de dados conectado com sucesso!","timestamp":"2022-11-18T23:57:10.038Z"}
{"level":"info","message":"Banco de dados conectado com sucesso!","timestamp":"2022-11-18T23:58:59.978Z"}
{"level":"info","message":"Banco de dados conectado com sucesso!","timestamp":"2022-11-18T23:59:17.893Z"}
{"level":"info","message":"Banco de dados conectado com sucesso!","timestamp":"2022-11-18T23:59:29.729Z"}
{"level":"info","message":"Banco de dados conectado com sucesso!","timestamp":"2022-11-18T23:59:32.367Z"}
{"level":"info","message":"Banco de dados conectado com sucesso!","timestamp":"2022-11-18T23:59:47.164Z"}
{"level":"info","message":"Banco de dados conectado com sucesso!","timestamp":"2022-11-18T23:59:50.165Z"}
{"level":"info","message":"Banco de dados conectado com sucesso!","timestamp":"2022-11-18T23:59:52.762Z"}
{"level":"info","message":"Banco de dados conectado com sucesso!","timestamp":"2022-11-18T23:59:55.941Z"}
{"level":"info","message":"Banco de dados conectado com sucesso!","timestamp":"2022-11-18T23:59:57.590Z"}
{"level":"info","message":"Banco de dados conectado com sucesso!","timestamp":"2022-11-19T00:00:02.155Z"}
{"level":"info","message":"Banco de dados conectado com sucesso!","timestamp":"2022-11-19T00:00:03.939Z"}
{"level":"info","message":"Banco de dados conectado com sucesso!","timestamp":"2022-11-19T00:00:59.253Z"}
{"level":"info","message":"Banco de dados conectado com sucesso!","timestamp":"2022-11-19T00:01:07.097Z"}
{"level":"info","message":"Banco de dados conectado com sucesso!","timestamp":"2022-11-19T00:01:34.467Z"}
{"level":"info","message":"Banco de dados conectado com sucesso!","timestamp":"2022-11-19T00:01:50.377Z"}
{"level":"info","message":"Banco de dados conectado com sucesso!","timestamp":"2022-11-19T00:02:23.430Z"}
{"level":"info","message":"Banco de dados conectado com sucesso!","timestamp":"2022-11-19T00:02:29.012Z"}
{"level":"info","message":"Banco de dados conectado com sucesso!","timestamp":"2022-11-19T00:02:42.595Z"}
{"level":"info","message":"Banco de dados conectado com sucesso!","timestamp":"2022-11-19T00:03:52.262Z"}
{"level":"info","message":"Banco de dados conectado com sucesso!","timestamp":"2022-11-19T00:04:06.011Z"}
{"level":"info","message":"Banco de dados conectado com sucesso!","timestamp":"2022-11-19T00:04:09.001Z"}
{"level":"info","message":"Banco de dados conectado com sucesso!","timestamp":"2022-11-19T00:04:11.310Z"}
{"level":"info","message":"Banco de dados conectado com sucesso!","timestamp":"2022-11-19T00:05:17.932Z"}
{"level":"info","message":"Banco de dados conectado com sucesso!","timestamp":"2022-11-19T00:05:20.979Z"}
{"level":"info","message":"Banco de dados conectado com sucesso!","timestamp":"2022-11-19T00:05:25.590Z"}
{"level":"info","message":"Banco de dados conectado com sucesso!","timestamp":"2022-11-19T00:05:27.923Z"}
{"level":"info","message":"Banco de dados conectado com sucesso!","timestamp":"2022-11-20T19:48:42.084Z"}
{"level":"info","message":"Banco de dados conectado com sucesso!","timestamp":"2022-11-20T19:50:29.562Z"}
{"level":"info","message":"Banco de dados conectado com sucesso!","timestamp":"2022-11-20T19:50:32.755Z"}
{"level":"info","message":"Banco de dados conectado com sucesso!","timestamp":"2022-11-20T19:50:41.431Z"}
{"level":"info","message":"Banco de dados conectado com sucesso!","timestamp":"2022-11-20T19:50:48.222Z"}
{"level":"info","message":"Banco de dados conectado com sucesso!","timestamp":"2022-11-20T19:50:52.405Z"}
{"level":"info","message":"Banco de dados conectado com sucesso!","timestamp":"2022-11-20T19:51:42.813Z"}
{"level":"info","message":"Banco de dados conectado com sucesso!","timestamp":"2022-11-20T19:53:07.573Z"}
{"level":"info","message":"Banco de dados conectado com sucesso!","timestamp":"2022-11-20T19:53:15.777Z"}
{"level":"info","message":"Banco de dados conectado com sucesso!","timestamp":"2022-11-20T19:53:48.796Z"}
{"level":"info","message":"Banco de dados conectado com sucesso!","timestamp":"2022-11-20T19:56:28.706Z"}
{"level":"info","message":"Banco de dados conectado com sucesso!","timestamp":"2022-11-20T19:56:44.892Z"}
{"level":"info","message":"Banco de dados conectado com sucesso!","timestamp":"2022-11-20T19:56:50.620Z"}
{"level":"info","message":"Banco de dados conectado com sucesso!","timestamp":"2022-11-20T19:57:51.452Z"}
{"level":"info","message":"Banco de dados conectado com sucesso!","timestamp":"2022-11-20T19:58:28.440Z"}
{"level":"info","message":"Banco de dados conectado com sucesso!","timestamp":"2022-11-20T19:58:31.097Z"}
{"level":"info","message":"Banco de dados conectado com sucesso!","timestamp":"2022-11-20T19:58:39.608Z"}
{"level":"info","message":"Banco de dados conectado com sucesso!","timestamp":"2022-11-20T20:00:09.089Z"}
{"level":"info","message":"Banco de dados conectado com sucesso!","timestamp":"2022-11-20T20:00:17.096Z"}
{"level":"info","message":"Banco de dados conectado com sucesso!","timestamp":"2022-11-20T20:00:21.287Z"}
{"level":"info","message":"Banco de dados conectado com sucesso!","timestamp":"2022-11-20T20:00:23.776Z"}
{"level":"info","message":"Banco de dados conectado com sucesso!","timestamp":"2022-11-20T20:00:27.836Z"}
{"level":"info","message":"Banco de dados conectado com sucesso!","timestamp":"2022-11-20T20:00:41.937Z"}
{"level":"info","message":"Banco de dados conectado com sucesso!","timestamp":"2022-11-20T20:01:35.444Z"}
{"level":"info","message":"Banco de dados conectado com sucesso!","timestamp":"2022-11-20T20:01:46.978Z"}
{"level":"info","message":"Banco de dados conectado com sucesso!","timestamp":"2022-11-20T20:02:49.456Z"}
{"level":"info","message":"Banco de dados conectado com sucesso!","timestamp":"2022-11-20T20:03:06.115Z"}
{"level":"info","message":"Banco de dados conectado com sucesso!","timestamp":"2022-11-20T20:03:10.587Z"}
{"level":"info","message":"Banco de dados conectado com sucesso!","timestamp":"2022-11-20T20:04:22.260Z"}
{"level":"info","message":"Banco de dados conectado com sucesso!","timestamp":"2022-11-20T20:06:07.745Z"}
{"level":"info","message":"Banco de dados conectado com sucesso!","timestamp":"2022-11-20T20:06:55.524Z"}
{"level":"info","message":"Banco de dados conectado com sucesso!","timestamp":"2022-11-20T20:07:00.729Z"}
{"level":"info","message":"Banco de dados conectado com sucesso!","timestamp":"2022-11-20T20:07:04.338Z"}
{"level":"info","message":"Banco de dados conectado com sucesso!","timestamp":"2022-11-20T20:08:45.322Z"}
{"level":"info","message":"Banco de dados conectado com sucesso!","timestamp":"2022-11-20T20:08:56.910Z"}
{"level":"info","message":"Banco de dados conectado com sucesso!","timestamp":"2022-11-20T20:09:06.521Z"}
{"level":"info","message":"Banco de dados conectado com sucesso!","timestamp":"2022-11-20T20:09:09.026Z"}
{"level":"info","message":"Banco de dados conectado com sucesso!","timestamp":"2022-11-20T20:09:17.950Z"}
{"level":"info","message":"Banco de dados conectado com sucesso!","timestamp":"2022-11-20T20:09:22.209Z"}
{"level":"info","message":"Banco de dados conectado com sucesso!","timestamp":"2022-11-20T20:09:27.099Z"}
{"level":"info","message":"Banco de dados conectado com sucesso!","timestamp":"2022-11-20T20:10:20.806Z"}
{"level":"info","message":"Banco de dados conectado com sucesso!","timestamp":"2022-11-20T20:36:35.442Z"}
{"level":"info","message":"Banco de dados conectado com sucesso!","timestamp":"2022-11-20T20:37:07.345Z"}
{"level":"info","message":"Banco de dados conectado com sucesso!","timestamp":"2022-11-20T20:38:01.136Z"}
{"level":"info","message":"Banco de dados conectado com sucesso!","timestamp":"2022-11-20T20:38:44.539Z"}
{"level":"info","message":"Banco de dados conectado com sucesso!","timestamp":"2022-11-20T20:38:47.812Z"}
{"level":"info","message":"Banco de dados conectado com sucesso!","timestamp":"2022-11-20T20:38:50.462Z"}
{"level":"info","message":"Banco de dados conectado com sucesso!","timestamp":"2022-11-20T20:38:56.566Z"}
{"level":"info","message":"Banco de dados conectado com sucesso!","timestamp":"2022-11-20T20:39:22.333Z"}
{"level":"info","message":"Banco de dados conectado com sucesso!","timestamp":"2022-11-20T20:40:55.008Z"}
{"level":"info","message":"Banco de dados conectado com sucesso!","timestamp":"2022-11-20T20:41:35.025Z"}
{"level":"info","message":"Banco de dados conectado com sucesso!","timestamp":"2022-11-20T20:41:42.795Z"}
{"level":"info","message":"Banco de dados conectado com sucesso!","timestamp":"2022-11-20T20:41:46.676Z"}
{"level":"info","message":"Banco de dados conectado com sucesso!","timestamp":"2022-11-20T20:42:20.015Z"}
{"level":"info","message":"Banco de dados conectado com sucesso!","timestamp":"2022-11-20T20:42:35.668Z"}
{"level":"info","message":"Banco de dados conectado com sucesso!","timestamp":"2022-11-20T20:46:48.579Z"}
{"level":"info","message":"Banco de dados conectado com sucesso!","timestamp":"2022-11-20T20:47:34.762Z"}
{"level":"info","message":"Banco de dados conectado com sucesso!","timestamp":"2022-11-20T20:47:59.737Z"}
{"level":"info","message":"Banco de dados conectado com sucesso!","timestamp":"2022-11-20T20:48:31.138Z"}
{"level":"info","message":"Banco de dados conectado com sucesso!","timestamp":"2022-11-20T20:49:03.247Z"}
{"level":"info","message":"Banco de dados conectado com sucesso!","timestamp":"2022-11-20T20:49:23.923Z"}
{"level":"info","message":"Banco de dados conectado com sucesso!","timestamp":"2022-11-20T20:49:39.964Z"}
{"level":"info","message":"Banco de dados conectado com sucesso!","timestamp":"2022-11-20T20:50:31.318Z"}
{"level":"info","message":"Banco de dados conectado com sucesso!","timestamp":"2022-11-20T20:51:08.904Z"}
{"level":"info","message":"Banco de dados conectado com sucesso!","timestamp":"2022-11-20T20:51:20.988Z"}
{"level":"info","message":"Banco de dados conectado com sucesso!","timestamp":"2022-11-20T20:51:23.225Z"}
{"level":"info","message":"Banco de dados conectado com sucesso!","timestamp":"2022-11-20T20:51:31.093Z"}
{"level":"info","message":"Banco de dados conectado com sucesso!","timestamp":"2022-11-20T20:52:15.582Z"}
{"level":"info","message":"Banco de dados conectado com sucesso!","timestamp":"2022-11-20T20:52:20.061Z"}
{"level":"info","message":"Banco de dados conectado com sucesso!","timestamp":"2022-11-20T20:52:50.175Z"}
{"level":"info","message":"Banco de dados conectado com sucesso!","timestamp":"2022-11-20T20:53:10.053Z"}
{"level":"info","message":"Banco de dados conectado com sucesso!","timestamp":"2022-11-20T20:53:14.378Z"}
{"level":"info","message":"Banco de dados conectado com sucesso!","timestamp":"2022-11-20T20:54:38.322Z"}
{"level":"info","message":"Banco de dados conectado com sucesso!","timestamp":"2022-11-20T20:54:43.646Z"}
{"level":"info","message":"Banco de dados conectado com sucesso!","timestamp":"2022-11-20T20:54:52.485Z"}
{"level":"info","message":"Banco de dados conectado com sucesso!","timestamp":"2022-11-20T20:55:04.563Z"}
{"level":"info","message":"Banco de dados conectado com sucesso!","timestamp":"2022-11-20T20:55:11.390Z"}
{"level":"info","message":"Banco de dados conectado com sucesso!","timestamp":"2022-11-20T20:55:20.315Z"}
{"level":"info","message":"Banco de dados conectado com sucesso!","timestamp":"2022-11-20T20:55:26.205Z"}
{"level":"info","message":"Banco de dados conectado com sucesso!","timestamp":"2022-11-20T20:56:49.894Z"}
{"level":"info","message":"Banco de dados conectado com sucesso!","timestamp":"2022-11-20T20:58:22.363Z"}
{"level":"info","message":"Banco de dados conectado com sucesso!","timestamp":"2022-11-20T20:58:49.442Z"}
{"level":"info","message":"Banco de dados conectado com sucesso!","timestamp":"2022-11-20T20:58:52.808Z"}
{"level":"info","message":"Banco de dados conectado com sucesso!","timestamp":"2022-11-20T20:59:01.300Z"}
{"level":"info","message":"Banco de dados conectado com sucesso!","timestamp":"2022-11-20T20:59:49.370Z"}
{"level":"info","message":"Banco de dados conectado com sucesso!","timestamp":"2022-11-20T20:59:53.994Z"}
{"level":"info","message":"Banco de dados conectado com sucesso!","timestamp":"2022-11-20T20:59:57.176Z"}
{"level":"info","message":"Banco de dados conectado com sucesso!","timestamp":"2022-11-20T21:00:00.569Z"}
{"level":"error","message":"Erro na conexão ao banco de dados! connect ECONNREFUSED 127.0.0.1:3306","name":"SequelizeConnectionRefusedError","original":{"address":"127.0.0.1","code":"ECONNREFUSED","errno":-4078,"fatal":true,"port":3306,"syscall":"connect"},"parent":{"address":"127.0.0.1","code":"ECONNREFUSED","errno":-4078,"fatal":true,"port":3306,"syscall":"connect"},"stack":"SequelizeConnectionRefusedError: connect ECONNREFUSED 127.0.0.1:3306\n    at ConnectionManager.connect (C:\\Users\\55219\\Desktop\\clone\\clinica-laVie\\node_modules\\sequelize\\lib\\dialects\\mysql\\connection-manager.js:92:17)\n    at processTicksAndRejections (node:internal/process/task_queues:96:5)\n    at async ConnectionManager._connect (C:\\Users\\55219\\Desktop\\clone\\clinica-laVie\\node_modules\\sequelize\\lib\\dialects\\abstract\\connection-manager.js:220:24)\n    at async C:\\Users\\55219\\Desktop\\clone\\clinica-laVie\\node_modules\\sequelize\\lib\\dialects\\abstract\\connection-manager.js:174:32\n    at async ConnectionManager.getConnection (C:\\Users\\55219\\Desktop\\clone\\clinica-laVie\\node_modules\\sequelize\\lib\\dialects\\abstract\\connection-manager.js:197:7)\n    at async C:\\Users\\55219\\Desktop\\clone\\clinica-laVie\\node_modules\\sequelize\\lib\\sequelize.js:304:26\n    at async Sequelize.authenticate (C:\\Users\\55219\\Desktop\\clone\\clinica-laVie\\node_modules\\sequelize\\lib\\sequelize.js:456:5)\n    at async Sequelize.hasConection (C:\\Users\\55219\\Desktop\\clone\\clinica-laVie\\src\\database\\index.js:21:5)","timestamp":"2022-11-20T21:00:31.065Z"}
{"level":"error","message":"Erro na conexão ao banco de dados! connect ECONNREFUSED 127.0.0.1:3306","name":"SequelizeConnectionRefusedError","original":{"address":"127.0.0.1","code":"ECONNREFUSED","errno":-4078,"fatal":true,"port":3306,"syscall":"connect"},"parent":{"address":"127.0.0.1","code":"ECONNREFUSED","errno":-4078,"fatal":true,"port":3306,"syscall":"connect"},"stack":"SequelizeConnectionRefusedError: connect ECONNREFUSED 127.0.0.1:3306\n    at ConnectionManager.connect (C:\\Users\\55219\\Desktop\\clone\\clinica-laVie\\node_modules\\sequelize\\lib\\dialects\\mysql\\connection-manager.js:92:17)\n    at processTicksAndRejections (node:internal/process/task_queues:96:5)\n    at async ConnectionManager._connect (C:\\Users\\55219\\Desktop\\clone\\clinica-laVie\\node_modules\\sequelize\\lib\\dialects\\abstract\\connection-manager.js:220:24)\n    at async C:\\Users\\55219\\Desktop\\clone\\clinica-laVie\\node_modules\\sequelize\\lib\\dialects\\abstract\\connection-manager.js:174:32\n    at async ConnectionManager.getConnection (C:\\Users\\55219\\Desktop\\clone\\clinica-laVie\\node_modules\\sequelize\\lib\\dialects\\abstract\\connection-manager.js:197:7)\n    at async C:\\Users\\55219\\Desktop\\clone\\clinica-laVie\\node_modules\\sequelize\\lib\\sequelize.js:304:26\n    at async Sequelize.authenticate (C:\\Users\\55219\\Desktop\\clone\\clinica-laVie\\node_modules\\sequelize\\lib\\sequelize.js:456:5)\n    at async Sequelize.hasConection (C:\\Users\\55219\\Desktop\\clone\\clinica-laVie\\src\\database\\index.js:21:5)","timestamp":"2022-11-20T21:02:14.483Z"}
{"level":"info","message":"Banco de dados conectado com sucesso!","timestamp":"2022-11-20T21:03:00.632Z"}
{"level":"error","message":"Erro na conexão ao banco de dados! Access denied for user ''@'localhost' (using password: NO)","name":"SequelizeAccessDeniedError","original":{"code":"ER_ACCESS_DENIED_ERROR","errno":1045,"sqlMessage":"Access denied for user ''@'localhost' (using password: NO)","sqlState":"28000"},"parent":{"code":"ER_ACCESS_DENIED_ERROR","errno":1045,"sqlMessage":"Access denied for user ''@'localhost' (using password: NO)","sqlState":"28000"},"stack":"SequelizeAccessDeniedError: Access denied for user ''@'localhost' (using password: NO)\n    at ConnectionManager.connect (C:\\Users\\55219\\Desktop\\clone\\clinica-laVie\\node_modules\\sequelize\\lib\\dialects\\mysql\\connection-manager.js:94:17)\n    at processTicksAndRejections (node:internal/process/task_queues:96:5)\n    at async ConnectionManager._connect (C:\\Users\\55219\\Desktop\\clone\\clinica-laVie\\node_modules\\sequelize\\lib\\dialects\\abstract\\connection-manager.js:220:24)\n    at async C:\\Users\\55219\\Desktop\\clone\\clinica-laVie\\node_modules\\sequelize\\lib\\dialects\\abstract\\connection-manager.js:174:32\n    at async ConnectionManager.getConnection (C:\\Users\\55219\\Desktop\\clone\\clinica-laVie\\node_modules\\sequelize\\lib\\dialects\\abstract\\connection-manager.js:197:7)\n    at async C:\\Users\\55219\\Desktop\\clone\\clinica-laVie\\node_modules\\sequelize\\lib\\sequelize.js:304:26\n    at async Sequelize.authenticate (C:\\Users\\55219\\Desktop\\clone\\clinica-laVie\\node_modules\\sequelize\\lib\\sequelize.js:456:5)\n    at async Sequelize.hasConection (C:\\Users\\55219\\Desktop\\clone\\clinica-laVie\\src\\database\\index.js:21:5)","timestamp":"2022-11-20T21:04:01.141Z"}
{"level":"info","message":"Banco de dados conectado com sucesso!","timestamp":"2022-11-20T21:04:33.119Z"}
{"level":"info","message":"Banco de dados conectado com sucesso!","timestamp":"2022-11-20T21:04:43.589Z"}
{"level":"info","message":"Banco de dados conectado com sucesso!","timestamp":"2022-11-20T21:04:46.448Z"}
{"level":"info","message":"Banco de dados conectado com sucesso!","timestamp":"2022-11-20T21:05:06.456Z"}
{"level":"info","message":"Banco de dados conectado com sucesso!","timestamp":"2022-11-20T21:06:06.393Z"}
{"level":"info","message":"Banco de dados conectado com sucesso!","timestamp":"2022-11-20T21:07:43.106Z"}
{"level":"info","message":"Banco de dados conectado com sucesso!","timestamp":"2022-11-20T21:08:26.966Z"}
{"level":"info","message":"Banco de dados conectado com sucesso!","timestamp":"2022-11-20T21:08:31.790Z"}
{"level":"info","message":"Banco de dados conectado com sucesso!","timestamp":"2022-11-20T21:08:39.958Z"}
{"level":"info","message":"Banco de dados conectado com sucesso!","timestamp":"2022-11-20T21:08:44.616Z"}
{"level":"info","message":"Banco de dados conectado com sucesso!","timestamp":"2022-11-20T21:08:46.844Z"}
{"level":"info","message":"Banco de dados conectado com sucesso!","timestamp":"2022-11-20T21:09:29.423Z"}
{"level":"info","message":"Banco de dados conectado com sucesso!","timestamp":"2022-11-20T21:09:33.756Z"}
{"level":"info","message":"Banco de dados conectado com sucesso!","timestamp":"2022-11-20T21:09:35.536Z"}
{"level":"info","message":"Banco de dados conectado com sucesso!","timestamp":"2022-11-20T21:09:38.938Z"}
{"level":"info","message":"Banco de dados conectado com sucesso!","timestamp":"2022-11-20T21:10:40.590Z"}
{"level":"info","message":"Banco de dados conectado com sucesso!","timestamp":"2022-11-20T21:10:44.903Z"}
{"level":"info","message":"Banco de dados conectado com sucesso!","timestamp":"2022-11-20T21:10:54.935Z"}
{"level":"info","message":"Banco de dados conectado com sucesso!","timestamp":"2022-11-20T21:11:00.569Z"}
{"level":"info","message":"Banco de dados conectado com sucesso!","timestamp":"2022-11-20T21:11:34.255Z"}
{"level":"info","message":"Banco de dados conectado com sucesso!","timestamp":"2022-11-20T21:11:55.048Z"}
{"level":"info","message":"Banco de dados conectado com sucesso!","timestamp":"2022-11-20T21:11:58.516Z"}
{"level":"info","message":"Banco de dados conectado com sucesso!","timestamp":"2022-11-20T21:12:11.582Z"}
{"level":"info","message":"Banco de dados conectado com sucesso!","timestamp":"2022-11-20T21:12:28.780Z"}
{"level":"info","message":"Banco de dados conectado com sucesso!","timestamp":"2022-11-20T21:12:34.854Z"}
{"level":"info","message":"Banco de dados conectado com sucesso!","timestamp":"2022-11-20T21:12:43.174Z"}
{"level":"info","message":"Banco de dados conectado com sucesso!","timestamp":"2022-11-20T21:12:47.092Z"}
{"level":"info","message":"Banco de dados conectado com sucesso!","timestamp":"2022-11-20T21:12:50.884Z"}
{"level":"info","message":"Banco de dados conectado com sucesso!","timestamp":"2022-11-20T21:12:58.748Z"}
{"level":"info","message":"Banco de dados conectado com sucesso!","timestamp":"2022-11-20T21:13:11.011Z"}
{"level":"info","message":"Banco de dados conectado com sucesso!","timestamp":"2022-11-20T21:13:14.099Z"}
{"level":"info","message":"Banco de dados conectado com sucesso!","timestamp":"2022-11-20T21:13:19.345Z"}
{"level":"info","message":"Banco de dados conectado com sucesso!","timestamp":"2022-11-20T21:13:21.741Z"}
{"level":"info","message":"Banco de dados conectado com sucesso!","timestamp":"2022-11-20T21:13:25.634Z"}
{"level":"info","message":"Banco de dados conectado com sucesso!","timestamp":"2022-11-20T21:13:30.840Z"}
{"level":"info","message":"Banco de dados conectado com sucesso!","timestamp":"2022-11-20T21:13:33.609Z"}
{"level":"error","message":"Erro na conexão ao banco de dados! connect ECONNREFUSED 127.0.0.1:3306","name":"SequelizeConnectionRefusedError","original":{"address":"127.0.0.1","code":"ECONNREFUSED","errno":-4078,"fatal":true,"port":3306,"syscall":"connect"},"parent":{"address":"127.0.0.1","code":"ECONNREFUSED","errno":-4078,"fatal":true,"port":3306,"syscall":"connect"},"stack":"SequelizeConnectionRefusedError: connect ECONNREFUSED 127.0.0.1:3306\n    at ConnectionManager.connect (C:\\Users\\55219\\Desktop\\clone\\clinica-laVie\\node_modules\\sequelize\\lib\\dialects\\mysql\\connection-manager.js:92:17)\n    at processTicksAndRejections (node:internal/process/task_queues:96:5)\n    at async ConnectionManager._connect (C:\\Users\\55219\\Desktop\\clone\\clinica-laVie\\node_modules\\sequelize\\lib\\dialects\\abstract\\connection-manager.js:220:24)\n    at async C:\\Users\\55219\\Desktop\\clone\\clinica-laVie\\node_modules\\sequelize\\lib\\dialects\\abstract\\connection-manager.js:174:32\n    at async ConnectionManager.getConnection (C:\\Users\\55219\\Desktop\\clone\\clinica-laVie\\node_modules\\sequelize\\lib\\dialects\\abstract\\connection-manager.js:197:7)\n    at async C:\\Users\\55219\\Desktop\\clone\\clinica-laVie\\node_modules\\sequelize\\lib\\sequelize.js:304:26\n    at async Sequelize.authenticate (C:\\Users\\55219\\Desktop\\clone\\clinica-laVie\\node_modules\\sequelize\\lib\\sequelize.js:456:5)\n    at async Sequelize.hasConection (C:\\Users\\55219\\Desktop\\clone\\clinica-laVie\\src\\database\\index.js:22:5)","timestamp":"2022-11-20T21:14:17.144Z"}
{"level":"error","message":"Erro na conexão ao banco de dados! connect ECONNREFUSED 127.0.0.1:3306","name":"SequelizeConnectionRefusedError","original":{"address":"127.0.0.1","code":"ECONNREFUSED","errno":-4078,"fatal":true,"port":3306,"syscall":"connect"},"parent":{"address":"127.0.0.1","code":"ECONNREFUSED","errno":-4078,"fatal":true,"port":3306,"syscall":"connect"},"stack":"SequelizeConnectionRefusedError: connect ECONNREFUSED 127.0.0.1:3306\n    at ConnectionManager.connect (C:\\Users\\55219\\Desktop\\clone\\clinica-laVie\\node_modules\\sequelize\\lib\\dialects\\mysql\\connection-manager.js:92:17)\n    at processTicksAndRejections (node:internal/process/task_queues:96:5)\n    at async ConnectionManager._connect (C:\\Users\\55219\\Desktop\\clone\\clinica-laVie\\node_modules\\sequelize\\lib\\dialects\\abstract\\connection-manager.js:220:24)\n    at async C:\\Users\\55219\\Desktop\\clone\\clinica-laVie\\node_modules\\sequelize\\lib\\dialects\\abstract\\connection-manager.js:174:32\n    at async ConnectionManager.getConnection (C:\\Users\\55219\\Desktop\\clone\\clinica-laVie\\node_modules\\sequelize\\lib\\dialects\\abstract\\connection-manager.js:197:7)\n    at async C:\\Users\\55219\\Desktop\\clone\\clinica-laVie\\node_modules\\sequelize\\lib\\sequelize.js:304:26\n    at async Sequelize.authenticate (C:\\Users\\55219\\Desktop\\clone\\clinica-laVie\\node_modules\\sequelize\\lib\\sequelize.js:456:5)\n    at async Sequelize.hasConection (C:\\Users\\55219\\Desktop\\clone\\clinica-laVie\\src\\database\\index.js:22:5)","timestamp":"2022-11-20T21:15:36.076Z"}
{"level":"info","message":"Banco de dados conectado com sucesso!","timestamp":"2022-11-20T21:16:34.423Z"}
{"level":"info","message":"Banco de dados conectado com sucesso!","timestamp":"2022-11-20T21:16:45.943Z"}
{"level":"info","message":"Banco de dados conectado com sucesso!","timestamp":"2022-11-20T21:16:51.588Z"}
{"level":"info","message":"Banco de dados conectado com sucesso!","timestamp":"2022-11-20T21:17:00.047Z"}
{"level":"info","message":"Banco de dados conectado com sucesso!","timestamp":"2022-11-20T21:17:09.009Z"}
{"level":"info","message":"Banco de dados conectado com sucesso!","timestamp":"2022-11-20T21:17:19.436Z"}
{"level":"error","message":"Erro na conexão ao banco de dados! M is not defined","stack":"ReferenceError: M is not defined\n    at Sequelize.hasConection (C:\\Users\\55219\\Desktop\\clone\\clinica-laVie\\src\\database\\index.js:23:17)\n    at processTicksAndRejections (node:internal/process/task_queues:96:5)","timestamp":"2022-11-20T21:17:32.258Z"}
{"level":"info","message":"Banco de dados conectado com sucesso!","timestamp":"2022-11-20T21:17:36.848Z"}
{"level":"info","message":"Banco de dados conectado com sucesso!","timestamp":"2022-11-20T21:19:29.225Z"}
{"level":"info","message":"Banco de dados conectado com sucesso!","timestamp":"2022-11-20T21:20:11.989Z"}
{"level":"info","message":"Banco de dados conectado com sucesso!","timestamp":"2022-11-20T21:20:23.130Z"}
{"level":"info","message":"Banco de dados conectado com sucesso!","timestamp":"2022-11-20T21:20:29.823Z"}
{"level":"info","message":"Banco de dados conectado com sucesso!","timestamp":"2022-11-20T21:20:32.521Z"}
{"level":"info","message":"Banco de dados conectado com sucesso!","timestamp":"2022-11-20T21:20:35.454Z"}
{"level":"info","message":"Banco de dados conectado com sucesso!","timestamp":"2022-11-20T21:22:34.371Z"}
{"level":"info","message":"Banco de dados conectado com sucesso!","timestamp":"2022-11-20T21:22:40.894Z"}
{"level":"info","message":"Banco de dados conectado com sucesso!","timestamp":"2022-11-20T21:22:44.615Z"}
{"level":"info","message":"Banco de dados conectado com sucesso!","timestamp":"2022-11-20T21:24:25.856Z"}
{"level":"info","message":"Banco de dados conectado com sucesso!","timestamp":"2022-11-20T21:24:30.220Z"}
{"level":"info","message":"Banco de dados conectado com sucesso!","timestamp":"2022-11-20T21:25:28.058Z"}
{"level":"info","message":"Banco de dados conectado com sucesso!","timestamp":"2022-11-20T21:25:29.486Z"}
{"level":"info","message":"Banco de dados conectado com sucesso!","timestamp":"2022-11-20T21:25:33.306Z"}
{"level":"info","message":"Banco de dados conectado com sucesso!","timestamp":"2022-11-20T21:25:50.799Z"}
{"level":"info","message":"Banco de dados conectado com sucesso!","timestamp":"2022-11-20T21:25:58.173Z"}
{"level":"info","message":"Banco de dados conectado com sucesso!","timestamp":"2022-11-20T21:26:01.168Z"}
{"level":"info","message":"Banco de dados conectado com sucesso!","timestamp":"2022-11-20T21:26:02.956Z"}
{"level":"info","message":"Banco de dados conectado com sucesso!","timestamp":"2022-11-20T21:26:10.780Z"}
